<?xml version="1.0" encoding="UTF-8"?>
<!-- Generated by org.testng.reporters.JUnitXMLReporter -->
<testsuite ignored="0" hostname="DESKTOP-F280F2S" failures="2" tests="7" name="Firefox" time="28.17" errors="0" timestamp="2022-08-10T14:21:24 IST">
  <testcase classname="com.parameterization.Parameters" name="m1" time="0.001"/>
  <testcase classname="com.parameterization.Parameters" name="m2" time="0.0">
    <failure type="org.testng.TestNGException" message="
Parameter &amp;apos;num1&amp;apos; is required by @Test on method m2 but has not been marked @Optional or defined
in C:\Users\radhi\eclipse-workspace\ParameterizationInTestNG\parameter.xml">
      <![CDATA[org.testng.TestNGException: 
Parameter 'num1' is required by @Test on method m2 but has not been marked @Optional or defined
in C:\Users\radhi\eclipse-workspace\ParameterizationInTestNG\parameter.xml
at java.base/java.util.ArrayList.forEach(ArrayList.java:1511)
at java.base/java.util.concurrent.FutureTask.run(FutureTask.java:264)
at java.base/java.util.concurrent.ThreadPoolExecutor.runWorker(ThreadPoolExecutor.java:1136)
at java.base/java.util.concurrent.ThreadPoolExecutor$Worker.run(ThreadPoolExecutor.java:635)
at java.base/java.lang.Thread.run(Thread.java:833)
... Removed 16 stack frames]]>
    </failure>
  </testcase> <!-- m2 -->
  <testcase classname="com.parameterization.Parameters" name="m3" time="0.0">
    <failure type="org.testng.TestNGException" message="
Parameter &amp;apos;num3&amp;apos; is required by @Test on method m3 but has not been marked @Optional or defined
in C:\Users\radhi\eclipse-workspace\ParameterizationInTestNG\parameter.xml">
      <![CDATA[org.testng.TestNGException: 
Parameter 'num3' is required by @Test on method m3 but has not been marked @Optional or defined
in C:\Users\radhi\eclipse-workspace\ParameterizationInTestNG\parameter.xml
at java.base/java.util.ArrayList.forEach(ArrayList.java:1511)
at java.base/java.util.concurrent.FutureTask.run(FutureTask.java:264)
at java.base/java.util.concurrent.ThreadPoolExecutor.runWorker(ThreadPoolExecutor.java:1136)
at java.base/java.util.concurrent.ThreadPoolExecutor$Worker.run(ThreadPoolExecutor.java:635)
at java.base/java.lang.Thread.run(Thread.java:833)
... Removed 16 stack frames]]>
    </failure>
  </testcase> <!-- m3 -->
  <testcase classname="com.parameterization.Parameters" name="m4" time="0.001"/>
  <testcase classname="com.parameterization.Parameters" name="m5" time="0.001"/>
  <testcase classname="com.parameterization.Parameters" name="m6" time="0.0"/>
  <testcase classname="com.parameterization.Parameters" name="m7" time="0.001"/>
</testsuite> <!-- Firefox -->
